<?xml version="1.0" encoding="utf-8"?><testsuites name="pytest tests"><testsuite name="pytest" errors="0" failures="0" skipped="0" tests="14" time="1.968" timestamp="2026-05-31T20:56:56.775634+00:00" hostname="agent-env-c52bbfaf-6794-4c7c-89f6-8f73473ed091"><testcase classname="backend.tests.test_api.TestKPIs" name="test_kpis_returns_200" time="0.215" /><testcase classname="backend.tests.test_api.TestKPIs" name="test_kpis_has_expected_keys" time="0.174" /><testcase classname="backend.tests.test_api.TestTrafico" name="test_trafico_anual_200" time="0.103" /><testcase classname="backend.tests.test_api.TestTrafico" name="test_trafico_mensual_200" time="0.103" /><testcase classname="backend.tests.test_api.TestTrafico" name="test_trafico_mensual_filter" time="0.100" /><testcase classname="backend.tests.test_api.TestTrafico" name="test_heatmap_200" time="0.157" /><testcase classname="backend.tests.test_api.TestAccidentes" name="test_por_dia_200" time="0.164" /><testcase classname="backend.tests.test_api.TestAccidentes" name="test_iluminacion_200" time="0.137" /><testcase classname="backend.tests.test_api.TestAccidentes" name="test_riesgo_estados_200" time="0.119" /><testcase classname="backend.tests.test_api.TestModelo" name="test_modelo_datos_200" time="0.145" /><testcase classname="backend.tests.test_api.TestModelo" name="test_predecir_200" time="0.111" /><testcase classname="backend.tests.test_api.TestModelo" name="test_predecir_invalid_body" time="0.096" /><testcase classname="backend.tests.test_api.TestAlertas" name="test_alertas_200" time="0.118" /><testcase classname="backend.tests.test_api.TestAlertas" name="test_alertas_filter_alta" time="0.117" /></testsuite></testsuites>